
> motopillos@0.1.0 dev
> next dev

▲ Next.js 16.2.0 (Turbopack)
- Local:         http://localhost:3000
- Network:       http://192.168.1.157:3000
- Environments: .env
✓ Ready in 303ms

 GET / 200 in 515ms (next.js: 269ms, application-code: 246ms)
 GET / 200 in 108ms (next.js: 18ms, application-code: 90ms)
 GET /catalog/dirt-bike 200 in 580ms (next.js: 559ms, application-code: 20ms)
 GET /catalog/dirt-bike 200 in 50ms (next.js: 15ms, application-code: 35ms)
 GET / 200 in 39ms (next.js: 11ms, application-code: 29ms)
  Reload env: .env
✓ Compiled in 1028ms
 GET / 200 in 1027ms (next.js: 984ms, application-code: 42ms)
  Reload env: .env
✓ Compiled in 208ms
 GET / 200 in 196ms (next.js: 162ms, application-code: 34ms)
 GET / 200 in 173ms (next.js: 78ms, application-code: 95ms)
 GET / 200 in 61ms (next.js: 1105µs, application-code: 60ms)
 GET / 200 in 739ms (next.js: 662ms, application-code: 77ms)
 GET / 200 in 257ms (next.js: 11ms, application-code: 247ms)
 GET / 200 in 211ms (next.js: 6ms, application-code: 205ms)
 GET / 200 in 151ms (next.js: 2ms, application-code: 149ms)
 GET / 200 in 109ms (next.js: 3ms, application-code: 107ms)
 GET / 200 in 60ms (next.js: 45ms, application-code: 15ms)
 GET / 200 in 121ms (next.js: 109ms, application-code: 12ms)
 GET / 200 in 21ms (next.js: 4ms, application-code: 17ms)
 GET / 200 in 45ms (next.js: 24ms, application-code: 21ms)
 GET / 200 in 176ms (next.js: 154ms, application-code: 21ms)
 GET / 200 in 88ms (next.js: 55ms, application-code: 33ms)
 GET / 200 in 31ms (next.js: 12ms, application-code: 19ms)
 GET / 200 in 73ms (next.js: 45ms, application-code: 28ms)
 GET / 200 in 16ms (next.js: 1207µs, application-code: 14ms)
 GET / 200 in 157ms (next.js: 101ms, application-code: 55ms)
 GET / 200 in 104ms (next.js: 80ms, application-code: 24ms)
 GET / 200 in 63ms (next.js: 46ms, application-code: 17ms)
 GET / 200 in 75ms (next.js: 2ms, application-code: 73ms)
 GET / 200 in 91ms (next.js: 1346µs, application-code: 90ms)
 GET / 200 in 114ms (next.js: 3ms, application-code: 111ms)
 GET / 200 in 114ms (next.js: 2ms, application-code: 112ms)
 GET / 200 in 112ms (next.js: 1073µs, application-code: 111ms)
 GET / 200 in 96ms (next.js: 24ms, application-code: 71ms)
 GET / 200 in 69ms (next.js: 1835µs, application-code: 67ms)
 GET / 200 in 72ms (next.js: 3ms, application-code: 70ms)
 GET / 200 in 70ms (next.js: 6ms, application-code: 64ms)
 GET / 200 in 66ms (next.js: 3ms, application-code: 63ms)
 GET / 200 in 53ms (next.js: 3ms, application-code: 50ms)
 GET / 200 in 35ms (next.js: 1666µs, application-code: 34ms)
 GET / 200 in 20ms (next.js: 3ms, application-code: 17ms)
 GET / 200 in 389ms (next.js: 247ms, application-code: 142ms)
 GET / 200 in 96ms (next.js: 6ms, application-code: 90ms)
 GET / 200 in 66ms (next.js: 1949µs, application-code: 64ms)
 GET / 200 in 62ms (next.js: 1709µs, application-code: 60ms)
 GET / 200 in 58ms (next.js: 2ms, application-code: 56ms)
 GET / 200 in 76ms (next.js: 1181µs, application-code: 75ms)
 GET / 200 in 65ms (next.js: 1061µs, application-code: 64ms)
 GET / 200 in 70ms (next.js: 2ms, application-code: 67ms)
 GET / 200 in 88ms (next.js: 1774µs, application-code: 86ms)
 GET / 200 in 74ms (next.js: 1682µs, application-code: 72ms)
 GET / 200 in 77ms (next.js: 4ms, application-code: 73ms)
 GET / 200 in 59ms (next.js: 1220µs, application-code: 58ms)
 GET / 200 in 39ms (next.js: 1205µs, application-code: 38ms)
 GET / 200 in 25ms (next.js: 2ms, application-code: 23ms)
 GET / 200 in 212ms (next.js: 76ms, application-code: 136ms)
 GET / 200 in 128ms (next.js: 4ms, application-code: 124ms)
 GET / 200 in 112ms (next.js: 3ms, application-code: 109ms)
 GET / 200 in 122ms (next.js: 4ms, application-code: 118ms)
 GET / 200 in 101ms (next.js: 4ms, application-code: 97ms)
 GET / 200 in 97ms (next.js: 1455µs, application-code: 95ms)
 GET / 200 in 88ms (next.js: 3ms, application-code: 85ms)
 GET / 200 in 83ms (next.js: 3ms, application-code: 80ms)
 GET / 200 in 73ms (next.js: 5ms, application-code: 68ms)
 GET / 200 in 70ms (next.js: 1503µs, application-code: 69ms)
 GET / 200 in 91ms (next.js: 1393µs, application-code: 90ms)
 GET / 200 in 90ms (next.js: 2ms, application-code: 87ms)
 GET / 200 in 77ms (next.js: 1377µs, application-code: 75ms)
 GET / 200 in 59ms (next.js: 2ms, application-code: 57ms)
 GET / 200 in 35ms (next.js: 3ms, application-code: 31ms)
 GET / 200 in 18ms (next.js: 2ms, application-code: 16ms)
 GET / 200 in 319ms (next.js: 163ms, application-code: 156ms)
 GET / 200 in 95ms (next.js: 5ms, application-code: 90ms)
 GET / 200 in 72ms (next.js: 1408µs, application-code: 71ms)
 GET / 200 in 68ms (next.js: 2ms, application-code: 66ms)
 GET / 200 in 69ms (next.js: 2ms, application-code: 67ms)
 GET / 200 in 74ms (next.js: 1712µs, application-code: 73ms)
 GET / 200 in 71ms (next.js: 4ms, application-code: 67ms)
 GET / 200 in 67ms (next.js: 1485µs, application-code: 66ms)
 GET / 200 in 73ms (next.js: 977µs, application-code: 72ms)
 GET / 200 in 60ms (next.js: 1025µs, application-code: 59ms)
 GET / 200 in 63ms (next.js: 938µs, application-code: 62ms)
 GET / 200 in 83ms (next.js: 2ms, application-code: 80ms)
 GET / 200 in 83ms (next.js: 1125µs, application-code: 81ms)
 GET / 200 in 100ms (next.js: 4ms, application-code: 96ms)
 GET / 200 in 84ms (next.js: 5ms, application-code: 79ms)
 GET / 200 in 52ms (next.js: 2ms, application-code: 49ms)
 GET / 200 in 38ms (next.js: 1350µs, application-code: 37ms)
 GET / 200 in 22ms (next.js: 1896µs, application-code: 20ms)
⚠ Found a change in next.config.mjs. Restarting the server to apply the changes...
▲ Next.js 16.2.0 (Turbopack)
- Local:         http://localhost:3000
- Network:       http://192.168.1.157:3000
- Environments: .env
✓ Ready in 423ms

 GET / 200 in 573ms (next.js: 323ms, application-code: 250ms)
✓ Compiled in 310ms
 GET / 200 in 336ms (next.js: 223ms, application-code: 113ms)
 GET / 200 in 88ms (next.js: 3ms, application-code: 85ms)
 GET / 200 in 66ms (next.js: 2ms, application-code: 64ms)
 GET / 200 in 89ms (next.js: 1894µs, application-code: 87ms)
 GET / 200 in 108ms (next.js: 1031µs, application-code: 107ms)
 GET / 200 in 98ms (next.js: 1458µs, application-code: 96ms)
 GET / 200 in 114ms (next.js: 3ms, application-code: 111ms)
 GET / 200 in 91ms (next.js: 16ms, application-code: 75ms)
 GET / 200 in 86ms (next.js: 1528µs, application-code: 84ms)
 GET / 200 in 86ms (next.js: 2ms, application-code: 84ms)
 GET / 200 in 92ms (next.js: 1171µs, application-code: 90ms)
 GET / 200 in 99ms (next.js: 2ms, application-code: 97ms)
 GET / 200 in 103ms (next.js: 1103µs, application-code: 102ms)
 GET / 200 in 101ms (next.js: 1231µs, application-code: 100ms)
 GET / 200 in 87ms (next.js: 1681µs, application-code: 85ms)
 GET / 200 in 82ms (next.js: 3ms, application-code: 79ms)
 GET / 200 in 70ms (next.js: 1979µs, application-code: 68ms)
 GET / 200 in 51ms (next.js: 1346µs, application-code: 49ms)
 GET / 200 in 36ms (next.js: 3ms, application-code: 33ms)
 GET / 200 in 19ms (next.js: 1592µs, application-code: 17ms)
 GET /catalog/atv 404 in 92ms (next.js: 64ms, application-code: 28ms)
 GET /catalog/atv 404 in 148ms (next.js: 3ms, application-code: 144ms)
[browser] Image with src "/logo.png" was detected as the Largest Contentful Paint (LCP). Please add the `loading="eager"` property if this image is above the fold.
Read more: https://nextjs.org/docs/app/api-reference/components/image#loading
Prisma Client Re-initialized cleanly
 GET /catalog 200 in 2.8s (next.js: 1807ms, application-code: 1029ms)
Prisma Client Re-initialized cleanly
Error: Route "/catalog/brand/[brandId]" used `params.brandId`. `params` is a Promise and must be unwrapped with `await` or `React.use()` before accessing its properties. Learn more: https://nextjs.org/docs/messages/sync-dynamic-apis
    at BrandVehicles (app/catalog/brand/[brandId]/page.jsx:5:35)
  3 |
  4 | export default async function BrandVehicles({ params }) {
> 5 |   const brandId = parseInt(params.brandId, 10);
    |                                   ^
  6 |   const vehicles = await getVehicles(brandId);
  7 |
  8 |   // Agrupar los vehículos por año para una mejor visualización
⨯ Error [PrismaClientValidationError]: 
Invalid `{imported module ./lib/prisma.js}["prisma"].vehicles.findMany()` invocation in
/Users/gsoto/Desktop/motopillos/.next/dev/server/chunks/ssr/[root-of-the-server]__01yewwz._.js:45:147

  42     });
  43 }
  44 async function getVehicles(brandId) {
→ 45     return await {imported module ./lib/prisma.js}["prisma"].vehicles.findMany({
           where: {
         +   brand_id: {
         +     equals: Int | IntFieldRefInput,
         +     in: Int[],
         +     notIn: Int[],
         +     lt: Int | IntFieldRefInput,
         +     lte: Int | IntFieldRefInput,
         +     gt: Int | IntFieldRefInput,
         +     gte: Int | IntFieldRefInput,
         +     not: Int | NestedIntFilter
         +   }
           },
           orderBy: [
             {
               year: "desc"
             },
             {
               model_name: "asc"
             }
           ]
         })

Argument `brand_id` is missing.
    at <unknown> (app/actions/catalogActions.js:13:32)
    at async getVehicles (app/actions/catalogActions.js:13:10)
    at async BrandVehicles (app/catalog/brand/[brandId]/page.jsx:6:20)
  11 | // Opcional agrupar por año o modelos.
  12 | export async function getVehicles(brandId) {
> 13 |   return await prisma.vehicles.findMany({
     |                                ^
  14 |     where: { brand_id: brandId },
  15 |     orderBy: [
  16 |       { year: 'desc' }, {
  clientVersion: '5.22.0',
  digest: '1669542525'
}
 GET /catalog/brand/3 200 in 1529ms (next.js: 1456ms, application-code: 73ms)
[browser] Uncaught PrismaClientValidationError: 
Invalid `__TURBOPACK__imported__module__$5b$project$5d2f$lib$2f$prisma$2e$js__$5b$app$2d$rsc$5d$__$28$ecmascript$29$__["prisma"].vehicles.findMany()` invocation in
/Users/gsoto/Desktop/motopillos/.next/dev/server/chunks/ssr/[root-of-the-server]__01yewwz._.js:45:147

  42     });
  43 }
  44 async function getVehicles(brandId) {
→ 45     return await __TURBOPACK__imported__module__$5b$project$5d2f$lib$2f$prisma$2e$js__$5b$app$2d$rsc$5d$__$28$ecmascript$29$__["prisma"].vehicles.findMany({
           where: {
         +   brand_id: {
         +     equals: Int | IntFieldRefInput,
         +     in: Int[],
         +     notIn: Int[],
         +     lt: Int | IntFieldRefInput,
         +     lte: Int | IntFieldRefInput,
         +     gt: Int | IntFieldRefInput,
         +     gte: Int | IntFieldRefInput,
         +     not: Int | NestedIntFilter
         +   }
           },
           orderBy: [
             {
               year: "desc"
             },
             {
               model_name: "asc"
             }
           ]
         })

Argument `brand_id` is missing.
    at <unknown> (app/actions/catalogActions.js:13:32)
    at  getVehicles (app/actions/catalogActions.js:13:10)
    at  BrandVehicles (app/catalog/brand/[brandId]/page.jsx:6:20)
  11 | // Opcional agrupar por año o modelos.
  12 | export async function getVehicles(brandId) {
> 13 |   return await prisma.vehicles.findMany({
     |                                ^
  14 |     where: { brand_id: brandId },
  15 |     orderBy: [
  16 |       { year: 'desc' },
 GET / 200 in 123ms (next.js: 36ms, application-code: 87ms)
✓ Compiled in 812ms
[browser] Uncaught Error: Internal Next.js error: Router action dispatched before initialization.
 GET / 200 in 170ms (next.js: 28ms, application-code: 142ms)
[browser] Uncaught Error: Internal Next.js error: Router action dispatched before initialization.
[browser] Uncaught Error: Internal Next.js error: Router action dispatched before initialization.
[browser] Uncaught Error: Internal Next.js error: Router action dispatched before initialization.
Prisma Client Re-initialized cleanly
[browser] Uncaught Error: Internal Next.js error: Router action dispatched before initialization.
 GET / 200 in 78ms (next.js: 5ms, application-code: 73ms)
 GET / 200 in 1419ms (next.js: 1264ms, application-code: 156ms)
 GET / 200 in 62ms (next.js: 1241µs, application-code: 61ms)
 GET / 200 in 26ms (next.js: 4ms, application-code: 22ms)
⚠ Fast Refresh had to perform a full reload when ./context/ThemeContext.jsx changed. Read more: https://nextjs.org/docs/messages/fast-refresh-reload
✓ Compiled in 200ms
 GET / 200 in 242ms (next.js: 11ms, application-code: 231ms)
✓ Compiled in 117ms
✓ Compiled in 64ms
 GET /catalog/brand/3 200 in 427ms (next.js: 6ms, application-code: 422ms)
 GET /catalog/brand/3 200 in 765ms (next.js: 141ms, application-code: 624ms)
Prisma Client Re-initialized cleanly
Prisma Client Re-initialized cleanly
 GET /catalog/vehicle/3806 200 in 1935ms (next.js: 1889ms, application-code: 46ms)
Prisma Client Re-initialized cleanly
 GET /catalog/diagram/211920 200 in 877ms (next.js: 839ms, application-code: 38ms)
 GET / 200 in 45ms (next.js: 18ms, application-code: 27ms)
 GET /catalog/brand/1 200 in 218ms (next.js: 24ms, application-code: 194ms)
Prisma Client Re-initialized cleanly
✓ Compiled in 318ms
✓ Compiled in 226ms
✓ Compiled in 340ms
[browser] Uncaught Error: Internal Next.js error: Router action dispatched before initialization.
[browser] Uncaught Error: Internal Next.js error: Router action dispatched before initialization.
[browser] Uncaught Error: Internal Next.js error: Router action dispatched before initialization.
[browser] Uncaught Error: Internal Next.js error: Router action dispatched before initialization.
[browser] Uncaught Error: Internal Next.js error: Router action dispatched before initialization.
 GET / 200 in 328ms (next.js: 86ms, application-code: 242ms)
 GET / 200 in 83ms (next.js: 1247µs, application-code: 82ms)
 GET / 200 in 100ms (next.js: 1776µs, application-code: 99ms)
 GET / 200 in 67ms (next.js: 4ms, application-code: 62ms)
 GET / 200 in 41ms (next.js: 3ms, application-code: 38ms)
[browser] Uncaught Error: Internal Next.js error: Router action dispatched before initialization.
✓ Compiled in 214ms
 GET / 200 in 80ms (next.js: 6ms, application-code: 74ms)
 GET / 200 in 239ms (next.js: 5ms, application-code: 234ms)
 GET / 200 in 464ms (next.js: 28ms, application-code: 436ms)
 GET / 200 in 412ms (next.js: 14ms, application-code: 398ms)
 GET / 200 in 303ms (next.js: 2ms, application-code: 301ms)
 GET / 200 in 108ms (next.js: 6ms, application-code: 103ms)
 GET / 200 in 120ms (next.js: 1202µs, application-code: 119ms)
[browser] Uncaught Error: Internal Next.js error: Router action dispatched before initialization.
[browser] Uncaught Error: Internal Next.js error: Router action dispatched before initialization.
[browser] Uncaught Error: Internal Next.js error: Router action dispatched before initialization.
[browser] Uncaught Error: Internal Next.js error: Router action dispatched before initialization.
[browser] Uncaught Error: Internal Next.js error: Router action dispatched before initialization.
[browser] Uncaught Error: Internal Next.js error: Router action dispatched before initialization.
[browser] Uncaught Error: Internal Next.js error: Router action dispatched before initialization.
[browser] Uncaught Error: Internal Next.js error: Router action dispatched before initialization.
[browser] Uncaught Error: Internal Next.js error: Router action dispatched before initialization.
[browser] Uncaught Error: Internal Next.js error: Router action dispatched before initialization.
[browser] Uncaught Error: Internal Next.js error: Router action dispatched before initialization.
[browser] Uncaught Error: Internal Next.js error: Router action dispatched before initialization.
[browser] Uncaught Error: Internal Next.js error: Router action dispatched before initialization.
[browser] Uncaught Error: Internal Next.js error: Router action dispatched before initialization.
[browser] Uncaught Error: Internal Next.js error: Router action dispatched before initialization.
[browser] Uncaught Error: Internal Next.js error: Router action dispatched before initialization.
[browser] Uncaught Error: Internal Next.js error: Router action dispatched before initialization.
[browser] Uncaught Error: Internal Next.js error: Router action dispatched before initialization.
[browser] Uncaught Error: Internal Next.js error: Router action dispatched before initialization.
[browser] Uncaught Error: Internal Next.js error: Router action dispatched before initialization.
[browser] Uncaught Error: Internal Next.js error: Router action dispatched before initialization.
 GET / 200 in 117ms (next.js: 1437µs, application-code: 115ms)
 GET / 200 in 92ms (next.js: 10ms, application-code: 82ms)
 GET / 200 in 87ms (next.js: 1467µs, application-code: 85ms)
 GET / 200 in 136ms (next.js: 1946µs, application-code: 134ms)
 GET / 200 in 160ms (next.js: 1947µs, application-code: 158ms)
 GET / 200 in 166ms (next.js: 3ms, application-code: 163ms)
 GET / 200 in 150ms (next.js: 5ms, application-code: 145ms)
 GET / 200 in 113ms (next.js: 3ms, application-code: 110ms)
 GET / 200 in 98ms (next.js: 4ms, application-code: 94ms)
 GET / 200 in 86ms (next.js: 3ms, application-code: 83ms)
 GET / 200 in 95ms (next.js: 4ms, application-code: 91ms)
 GET / 200 in 79ms (next.js: 1943µs, application-code: 77ms)
 GET / 200 in 77ms (next.js: 5ms, application-code: 72ms)
 GET / 200 in 61ms (next.js: 3ms, application-code: 58ms)
 GET / 200 in 42ms (next.js: 6ms, application-code: 36ms)
 GET /catalog/brand/3 200 in 172ms (next.js: 80ms, application-code: 92ms)
Prisma Client Re-initialized cleanly
○ Compiling /catalog/brand/[brandId]/year/[year] ...
Prisma Client Re-initialized cleanly
 GET /catalog/brand/3/year/2021 200 in 4.7s (next.js: 4.6s, application-code: 120ms)
[browser] Uncaught Error: Internal Next.js error: Router action dispatched before initialization.
[browser] Uncaught Error: Internal Next.js error: Router action dispatched before initialization.
[browser] Uncaught Error: Internal Next.js error: Router action dispatched before initialization.
[browser] Uncaught Error: Internal Next.js error: Router action dispatched before initialization.
[browser] Uncaught Error: Internal Next.js error: Router action dispatched before initialization.
[browser] Uncaught Error: Internal Next.js error: Router action dispatched before initialization.
✓ Compiled in 216ms
 GET /catalog/brand/3/year/2021 200 in 1186ms (next.js: 51ms, application-code: 1135ms)
 GET /catalog/brand/3/year/2021 200 in 182ms (next.js: 10ms, application-code: 172ms)
 GET /catalog/brand/3/year/2021 200 in 140ms (next.js: 3ms, application-code: 137ms)
 GET /catalog/brand/3/year/2021 200 in 106ms (next.js: 3ms, application-code: 103ms)
 GET /catalog/brand/3/year/2021 200 in 54ms (next.js: 1461µs, application-code: 53ms)
 GET /catalog/brand/3/year/2021 200 in 26ms (next.js: 2ms, application-code: 24ms)
Prisma Client Re-initialized cleanly
 GET /catalog/brand/3 200 in 153ms (next.js: 61ms, application-code: 93ms)
Prisma Client Re-initialized cleanly
 GET /catalog/brand/3/year/2010 200 in 162ms (next.js: 36ms, application-code: 126ms)
Prisma Client Re-initialized cleanly
 GET /catalog/vehicle/3762 200 in 154ms (next.js: 81ms, application-code: 74ms)
Prisma Client Re-initialized cleanly
[browser] Uncaught Error: Internal Next.js error: Router action dispatched before initialization.
✓ Compiled in 165ms
 GET /catalog/vehicle/3762 200 in 246ms (next.js: 5ms, application-code: 241ms)
Prisma Client Re-initialized cleanly
 GET /catalog/diagram/208898 200 in 303ms (next.js: 84ms, application-code: 219ms)
[browser] Encountered two children with the same key, `14322-MCB-610`. Keys should be unique so that components maintain their identity across updates. Non-unique keys may cause children to be duplicated and/or omitted — the behavior is unsupported and could change in a future version. 
[browser] Encountered two children with the same key, `14401-MAN-621`. Keys should be unique so that components maintain their identity across updates. Non-unique keys may cause children to be duplicated and/or omitted — the behavior is unsupported and could change in a future version. 
[browser] Encountered two children with the same key, `14510-MR1-000`. Keys should be unique so that components maintain their identity across updates. Non-unique keys may cause children to be duplicated and/or omitted — the behavior is unsupported and could change in a future version. 
[browser] Encountered two children with the same key, `14322-MCB-610`. Keys should be unique so that components maintain their identity across updates. Non-unique keys may cause children to be duplicated and/or omitted — the behavior is unsupported and could change in a future version. 
[browser] Encountered two children with the same key, `14401-MAN-621`. Keys should be unique so that components maintain their identity across updates. Non-unique keys may cause children to be duplicated and/or omitted — the behavior is unsupported and could change in a future version. 
[browser] Encountered two children with the same key, `14510-MR1-000`. Keys should be unique so that components maintain their identity across updates. Non-unique keys may cause children to be duplicated and/or omitted — the behavior is unsupported and could change in a future version. 
[browser] Encountered two children with the same key, `14516-MG8-003`. Keys should be unique so that components maintain their identity across updates. Non-unique keys may cause children to be duplicated and/or omitted — the behavior is unsupported and could change in a future version. 
[browser] Encountered two children with the same key, `14522-MV1-000`. Keys should be unique so that components maintain their identity across updates. Non-unique keys may cause children to be duplicated and/or omitted — the behavior is unsupported and could change in a future version. 
[browser] Encountered two children with the same key, `14623-MBA-000`. Keys should be unique so that components maintain their identity across updates. Non-unique keys may cause children to be duplicated and/or omitted — the behavior is unsupported and could change in a future version. 
[browser] Encountered two children with the same key, `90001-MZ8-U40`. Keys should be unique so that components maintain their identity across updates. Non-unique keys may cause children to be duplicated and/or omitted — the behavior is unsupported and could change in a future version. 
[browser] Encountered two children with the same key, `90086-MZ8-H00`. Keys should be unique so that components maintain their identity across updates. Non-unique keys may cause children to be duplicated and/or omitted — the behavior is unsupported and could change in a future version. 
[browser] Encountered two children with the same key, `90441-706-000`. Keys should be unique so that components maintain their identity across updates. Non-unique keys may cause children to be duplicated and/or omitted — the behavior is unsupported and could change in a future version. 
[browser] Encountered two children with the same key, `95701-06016-00`. Keys should be unique so that components maintain their identity across updates. Non-unique keys may cause children to be duplicated and/or omitted — the behavior is unsupported and could change in a future version. 
Prisma Client Re-initialized cleanly
[browser] Uncaught Error: Internal Next.js error: Router action dispatched before initialization.
✓ Compiled in 24ms
 GET /catalog/diagram/208898 200 in 166ms (next.js: 41ms, application-code: 125ms)
[browser] Encountered two children with the same key, `14322-MCB-610`. Keys should be unique so that components maintain their identity across updates. Non-unique keys may cause children to be duplicated and/or omitted — the behavior is unsupported and could change in a future version. 
[browser] Encountered two children with the same key, `14401-MAN-621`. Keys should be unique so that components maintain their identity across updates. Non-unique keys may cause children to be duplicated and/or omitted — the behavior is unsupported and could change in a future version. 
[browser] Encountered two children with the same key, `14322-MCB-610`. Keys should be unique so that components maintain their identity across updates. Non-unique keys may cause children to be duplicated and/or omitted — the behavior is unsupported and could change in a future version. 
[browser] Encountered two children with the same key, `14401-MAN-621`. Keys should be unique so that components maintain their identity across updates. Non-unique keys may cause children to be duplicated and/or omitted — the behavior is unsupported and could change in a future version. 
[browser] Encountered two children with the same key, `14510-MR1-000`. Keys should be unique so that components maintain their identity across updates. Non-unique keys may cause children to be duplicated and/or omitted — the behavior is unsupported and could change in a future version. 
[browser] Encountered two children with the same key, `14516-MG8-003`. Keys should be unique so that components maintain their identity across updates. Non-unique keys may cause children to be duplicated and/or omitted — the behavior is unsupported and could change in a future version. 
[browser] Encountered two children with the same key, `14522-MV1-000`. Keys should be unique so that components maintain their identity across updates. Non-unique keys may cause children to be duplicated and/or omitted — the behavior is unsupported and could change in a future version. 
[browser] Encountered two children with the same key, `14322-MCB-610`. Keys should be unique so that components maintain their identity across updates. Non-unique keys may cause children to be duplicated and/or omitted — the behavior is unsupported and could change in a future version. 
[browser] Encountered two children with the same key, `14401-MAN-621`. Keys should be unique so that components maintain their identity across updates. Non-unique keys may cause children to be duplicated and/or omitted — the behavior is unsupported and could change in a future version. 
[browser] Encountered two children with the same key, `14510-MR1-000`. Keys should be unique so that components maintain their identity across updates. Non-unique keys may cause children to be duplicated and/or omitted — the behavior is unsupported and could change in a future version. 
[browser] Encountered two children with the same key, `14516-MG8-003`. Keys should be unique so that components maintain their identity across updates. Non-unique keys may cause children to be duplicated and/or omitted — the behavior is unsupported and could change in a future version. 
[browser] Encountered two children with the same key, `14522-MV1-000`. Keys should be unique so that components maintain their identity across updates. Non-unique keys may cause children to be duplicated and/or omitted — the behavior is unsupported and could change in a future version. 
[browser] Encountered two children with the same key, `14623-MBA-000`. Keys should be unique so that components maintain their identity across updates. Non-unique keys may cause children to be duplicated and/or omitted — the behavior is unsupported and could change in a future version. 
[browser] Encountered two children with the same key, `90001-MZ8-U40`. Keys should be unique so that components maintain their identity across updates. Non-unique keys may cause children to be duplicated and/or omitted — the behavior is unsupported and could change in a future version. 
[browser] Encountered two children with the same key, `90086-MZ8-H00`. Keys should be unique so that components maintain their identity across updates. Non-unique keys may cause children to be duplicated and/or omitted — the behavior is unsupported and could change in a future version. 
[browser] Encountered two children with the same key, `90441-706-000`. Keys should be unique so that components maintain their identity across updates. Non-unique keys may cause children to be duplicated and/or omitted — the behavior is unsupported and could change in a future version. 
[browser] Encountered two children with the same key, `95701-06016-00`. Keys should be unique so that components maintain their identity across updates. Non-unique keys may cause children to be duplicated and/or omitted — the behavior is unsupported and could change in a future version. 
Prisma Client Re-initialized cleanly
 GET /admin 200 in 103ms (next.js: 79ms, application-code: 25ms)
 POST /admin 200 in 55ms (next.js: 1235µs, application-code: 54ms)
  └─ ƒ getAdminConfig() in 38ms app/actions/adminActions.js
 POST /admin 200 in 6ms (next.js: 1303µs, application-code: 5ms)
  └─ ƒ getAdminConfig() in 1ms app/actions/adminActions.js
[browser] Uncaught Error: Internal Next.js error: Router action dispatched before initialization.
✓ Compiled in 155ms
 GET /admin 200 in 93ms (next.js: 7ms, application-code: 86ms)
 GET /admin 200 in 15ms (next.js: 5ms, application-code: 9ms)
 GET /admin 200 in 34ms (next.js: 7ms, application-code: 27ms)
 GET / 200 in 53ms (next.js: 13ms, application-code: 40ms)
[browser] Uncaught Error: Internal Next.js error: Router action dispatched before initialization.
✓ Compiled in 241ms
 GET / 200 in 70ms (next.js: 27ms, application-code: 42ms)
 GET /catalog/brand/3 200 in 403ms (next.js: 253ms, application-code: 150ms)
Prisma Client Re-initialized cleanly
 GET /catalog/brand/3/year/2010 200 in 79ms (next.js: 56ms, application-code: 23ms)
Prisma Client Re-initialized cleanly
 GET /catalog/vehicle/3752 200 in 83ms (next.js: 31ms, application-code: 53ms)
Prisma Client Re-initialized cleanly
 GET /catalog/diagram/208210 200 in 87ms (next.js: 22ms, application-code: 65ms)
Prisma Client Re-initialized cleanly
 GET /admin 200 in 290ms (next.js: 110ms, application-code: 180ms)
 POST /admin 200 in 71ms (next.js: 10ms, application-code: 62ms)
  └─ ƒ getAdminConfig() in 45ms app/actions/adminActions.js
 POST /admin 200 in 12ms (next.js: 5ms, application-code: 7ms)
  └─ ƒ getAdminConfig() in 1ms app/actions/adminActions.js
 GET /admin 200 in 62ms (next.js: 17ms, application-code: 45ms)
 GET / 200 in 118ms (next.js: 36ms, application-code: 82ms)
 GET /admin 200 in 40ms (next.js: 12ms, application-code: 28ms)
 POST /admin 200 in 13ms (next.js: 5ms, application-code: 8ms)
  └─ ƒ getAdminConfig() in 3ms app/actions/adminActions.js
 POST /admin 200 in 6ms (next.js: 1821µs, application-code: 4ms)
  └─ ƒ getAdminConfig() in 1ms app/actions/adminActions.js
 GET /admin/orders 200 in 323ms (next.js: 247ms, application-code: 76ms)
 GET / 200 in 418ms (next.js: 136ms, application-code: 282ms)
 GET / 200 in 197ms (next.js: 12ms, application-code: 185ms)
Prisma Client Re-initialized cleanly
✓ Compiled in 1578ms
 GET / 200 in 322ms (next.js: 13ms, application-code: 309ms)
 GET / 200 in 235ms (next.js: 106ms, application-code: 128ms)
 GET / 200 in 108ms (next.js: 6ms, application-code: 102ms)
 GET / 200 in 56ms (next.js: 3ms, application-code: 54ms)
 GET / 200 in 41ms (next.js: 4ms, application-code: 37ms)
✓ Compiled in 769ms
Prisma Client Re-initialized cleanly
 GET / 200 in 295ms (next.js: 146ms, application-code: 149ms)
 GET / 200 in 69ms (next.js: 1592µs, application-code: 68ms)
 GET / 200 in 43ms (next.js: 11ms, application-code: 32ms)
 GET / 200 in 216ms (next.js: 15ms, application-code: 201ms)
 GET / 200 in 225ms (next.js: 70ms, application-code: 155ms)
 GET /catalog/brand/3 200 in 149ms (next.js: 66ms, application-code: 83ms)
Prisma Client Re-initialized cleanly
 GET /catalog/brand/3/year/2011 200 in 64ms (next.js: 39ms, application-code: 24ms)
Prisma Client Re-initialized cleanly
 GET /catalog/vehicle/4169 200 in 127ms (next.js: 35ms, application-code: 92ms)
Prisma Client Re-initialized cleanly
 GET /catalog/diagram/233879 200 in 163ms (next.js: 79ms, application-code: 84ms)
Prisma Client Re-initialized cleanly
 GET /admin 200 in 142ms (next.js: 115ms, application-code: 27ms)
 POST /admin 200 in 64ms (next.js: 2ms, application-code: 62ms)
  └─ ƒ getAdminConfig() in 53ms app/actions/adminActions.js
 POST /admin 200 in 5ms (next.js: 973µs, application-code: 4ms)
  └─ ƒ getAdminConfig() in 1ms app/actions/adminActions.js
 GET / 200 in 80ms (next.js: 23ms, application-code: 56ms)
 GET /admin 200 in 20ms (next.js: 5ms, application-code: 16ms)
 POST /admin 200 in 10ms (next.js: 1759µs, application-code: 8ms)
  └─ ƒ getAdminConfig() in 3ms app/actions/adminActions.js
 POST /admin 200 in 7ms (next.js: 1390µs, application-code: 5ms)
  └─ ƒ getAdminConfig() in 1ms app/actions/adminActions.js
 GET /admin/orders 200 in 92ms (next.js: 54ms, application-code: 39ms)
 GET / 200 in 38ms (next.js: 10ms, application-code: 28ms)
✓ Compiled in 317ms
 GET / 200 in 250ms (next.js: 105ms, application-code: 145ms)
Prisma Client Re-initialized cleanly
 GET / 200 in 318ms (next.js: 199ms, application-code: 120ms)
 GET / 200 in 78ms (next.js: 1734µs, application-code: 77ms)
 GET / 200 in 61ms (next.js: 2ms, application-code: 59ms)
✓ Compiled in 201ms
Prisma Client Re-initialized cleanly
 GET / 200 in 555ms (next.js: 378ms, application-code: 177ms)
 GET /brands/cfmoto.png 404 in 237ms (next.js: 33ms, application-code: 205ms)
 GET / 200 in 297ms (next.js: 1780µs, application-code: 295ms)
 GET /brands/honda.png 404 in 222ms (next.js: 173ms, application-code: 49ms)
 GET /brands/kawasaki.png 404 in 55ms (next.js: 23ms, application-code: 32ms)
 GET / 200 in 289ms (next.js: 1069µs, application-code: 288ms)
 GET /brands/suzuki.png 404 in 50ms (next.js: 4ms, application-code: 46ms)
 GET /brands/yamaha.png 404 in 47ms (next.js: 23ms, application-code: 25ms)
 GET /brands/cfmoto.png 404 in 22ms (next.js: 2ms, application-code: 20ms)
 GET / 200 in 507ms (next.js: 176ms, application-code: 331ms)
 GET /catalog/brand/3 200 in 148ms (next.js: 65ms, application-code: 83ms)
Prisma Client Re-initialized cleanly
 GET /catalog/brand/3/year/2023 200 in 65ms (next.js: 39ms, application-code: 26ms)
Prisma Client Re-initialized cleanly
 GET /catalog/vehicle/3431 200 in 109ms (next.js: 37ms, application-code: 72ms)
Prisma Client Re-initialized cleanly
 GET /catalog/diagram/188026 200 in 88ms (next.js: 48ms, application-code: 41ms)
Prisma Client Re-initialized cleanly
 GET / 200 in 60ms (next.js: 13ms, application-code: 47ms)
 GET / 200 in 357ms (next.js: 86ms, application-code: 271ms)
 GET /catalog/brand/3 200 in 230ms (next.js: 68ms, application-code: 162ms)
Prisma Client Re-initialized cleanly
 GET /catalog/brand/3/year/2026 200 in 59ms (next.js: 25ms, application-code: 33ms)
Prisma Client Re-initialized cleanly
 GET /catalog/vehicle/3822 200 in 88ms (next.js: 19ms, application-code: 69ms)
Prisma Client Re-initialized cleanly
 GET /catalog/diagram/212788 200 in 54ms (next.js: 13ms, application-code: 41ms)
Prisma Client Re-initialized cleanly
 GET / 200 in 60ms (next.js: 13ms, application-code: 47ms)
 GET /catalog/brand/3 200 in 58ms (next.js: 12ms, application-code: 46ms)
Prisma Client Re-initialized cleanly
 GET /catalog/brand/3/year/2021 200 in 40ms (next.js: 6ms, application-code: 34ms)
Prisma Client Re-initialized cleanly
✓ Compiled in 299ms
 GET /catalog/brand/3/year/2021 200 in 102ms (next.js: 15ms, application-code: 87ms)
Prisma Client Re-initialized cleanly
 GET /catalog/brand/3/year/2021 200 in 240ms (next.js: 104ms, application-code: 136ms)
Prisma Client Re-initialized cleanly
✓ Compiled in 146ms
 GET /catalog/brand/3/year/2021 200 in 136ms (next.js: 19ms, application-code: 117ms)
Prisma Client Re-initialized cleanly
✓ Compiled in 162ms
 GET /catalog/brand/3/year/2021 200 in 94ms (next.js: 14ms, application-code: 81ms)
Prisma Client Re-initialized cleanly
 GET /catalog/vehicle/3995 200 in 200ms (next.js: 61ms, application-code: 139ms)
Prisma Client Re-initialized cleanly
 GET /catalog/diagram/223138 200 in 45ms (next.js: 14ms, application-code: 31ms)
Prisma Client Re-initialized cleanly
✓ Compiled in 261ms
✓ Compiled in 92ms
✓ Compiled in 98ms
✓ Compiled in 555ms
 GET /catalog/diagram/223138 200 in 236ms (next.js: 50ms, application-code: 186ms)
Prisma Client Re-initialized cleanly
✓ Compiled in 219ms
 GET /catalog/diagram/223138 200 in 330ms (next.js: 89ms, application-code: 241ms)
Prisma Client Re-initialized cleanly
✓ Compiled in 1219ms
Prisma Client Re-initialized cleanly
 GET /catalog/diagram/223138 200 in 727ms (next.js: 513ms, application-code: 215ms)
 GET /catalog/diagram/223138 200 in 104ms (next.js: 1265µs, application-code: 103ms)
 GET /catalog/diagram/223138 200 in 89ms (next.js: 2ms, application-code: 87ms)
 GET /catalog/diagram/223138 200 in 72ms (next.js: 1748µs, application-code: 71ms)
Prisma Client Re-initialized cleanly
 GET /catalog/vehicle/3995 200 in 188ms (next.js: 104ms, application-code: 84ms)
Prisma Client Re-initialized cleanly
 GET /catalog/diagram/223143 200 in 47ms (next.js: 8ms, application-code: 39ms)
Prisma Client Re-initialized cleanly
 GET /catalog/vehicle/3995 200 in 126ms (next.js: 31ms, application-code: 95ms)
Prisma Client Re-initialized cleanly
 GET /catalog/diagram/223161 200 in 52ms (next.js: 13ms, application-code: 39ms)
Prisma Client Re-initialized cleanly
 GET /catalog/diagram/223161 200 in 1626ms (next.js: 246ms, application-code: 1380ms)
Prisma Client Re-initialized cleanly
 GET /catalog/vehicle/3995 200 in 472ms (next.js: 183ms, application-code: 289ms)
Prisma Client Re-initialized cleanly
 GET /catalog/diagram/223122 200 in 65ms (next.js: 17ms, application-code: 48ms)
Prisma Client Re-initialized cleanly
 GET /catalog/vehicle/3995 200 in 126ms (next.js: 38ms, application-code: 88ms)
Prisma Client Re-initialized cleanly
 GET /catalog/diagram/223133 200 in 56ms (next.js: 12ms, application-code: 44ms)
Prisma Client Re-initialized cleanly
 GET /catalog/vehicle/3995 200 in 146ms (next.js: 15ms, application-code: 131ms)
Prisma Client Re-initialized cleanly
 GET / 200 in 206ms (next.js: 177ms, application-code: 29ms)
 GET /catalog/brand/2 200 in 148ms (next.js: 104ms, application-code: 44ms)
Prisma Client Re-initialized cleanly
 GET /catalog/brand/2/year/2012 200 in 111ms (next.js: 83ms, application-code: 28ms)
Prisma Client Re-initialized cleanly
 GET /catalog/vehicle/2051 200 in 46ms (next.js: 13ms, application-code: 33ms)
Prisma Client Re-initialized cleanly
 GET /catalog/diagram/118419 200 in 65ms (next.js: 8ms, application-code: 57ms)
[browser] Encountered two children with the same key, `5VY-16325-00-00`. Keys should be unique so that components maintain their identity across updates. Non-unique keys may cause children to be duplicated and/or omitted — the behavior is unsupported and could change in a future version. 
Prisma Client Re-initialized cleanly
 GET /catalog/vehicle/2051 200 in 123ms (next.js: 43ms, application-code: 80ms)
Prisma Client Re-initialized cleanly
Prisma Client Re-initialized cleanly
 GET /catalog/vehicle/2051 200 in 446ms (next.js: 49ms, application-code: 397ms)
 GET /catalog/vehicle/2051 200 in 71ms (next.js: 18ms, application-code: 53ms)
Prisma Client Re-initialized cleanly
✓ Compiled in 1264ms
Prisma Client Re-initialized cleanly
 GET /catalog/vehicle/2051 200 in 372ms (next.js: 143ms, application-code: 230ms)
 GET /catalog/vehicle/2051 200 in 125ms (next.js: 26ms, application-code: 98ms)
 GET /catalog/vehicle/2051 200 in 26ms (next.js: 1203µs, application-code: 25ms)
 GET / 200 in 111ms (next.js: 51ms, application-code: 60ms)
 GET /catalog/brand/3 200 in 85ms (next.js: 43ms, application-code: 42ms)
Prisma Client Re-initialized cleanly
 GET /catalog 200 in 52ms (next.js: 33ms, application-code: 19ms)
 GET / 200 in 35ms (next.js: 7ms, application-code: 28ms)
 GET /catalog/brand/3 200 in 71ms (next.js: 13ms, application-code: 58ms)
Prisma Client Re-initialized cleanly
 GET /catalog/brand/3/year/2016 200 in 52ms (next.js: 24ms, application-code: 29ms)
Prisma Client Re-initialized cleanly
 GET /catalog/brand/3 200 in 49ms (next.js: 8ms, application-code: 42ms)
Prisma Client Re-initialized cleanly
 GET /catalog/brand/3/year/2021 200 in 59ms (next.js: 19ms, application-code: 41ms)
Prisma Client Re-initialized cleanly
 GET /catalog/vehicle/3940 200 in 49ms (next.js: 8ms, application-code: 41ms)
Prisma Client Re-initialized cleanly
 GET /catalog/diagram/219804 200 in 150ms (next.js: 84ms, application-code: 66ms)
[browser] Encountered two children with the same key, `17213-KYJ-900`. Keys should be unique so that components maintain their identity across updates. Non-unique keys may cause children to be duplicated and/or omitted — the behavior is unsupported and could change in a future version. 
Prisma Client Re-initialized cleanly
 GET /catalog/vehicle/3940 200 in 38ms (next.js: 7ms, application-code: 31ms)
Prisma Client Re-initialized cleanly
 GET /catalog/diagram/219844 200 in 148ms (next.js: 27ms, application-code: 121ms)
Prisma Client Re-initialized cleanly
✓ Compiled in 468ms
 GET /catalog/diagram/219844 200 in 277ms (next.js: 1135µs, application-code: 276ms)
 GET /catalog/diagram/219844 200 in 392ms (next.js: 41ms, application-code: 351ms)
 GET /catalog/diagram/219844 200 in 198ms (next.js: 3ms, application-code: 195ms)
 GET /catalog/diagram/219844 200 in 241ms (next.js: 1099µs, application-code: 240ms)
 GET /catalog/diagram/219844 200 in 259ms (next.js: 2ms, application-code: 257ms)
 GET /catalog/diagram/219844 200 in 222ms (next.js: 2ms, application-code: 220ms)
Prisma Client Re-initialized cleanly
✓ Compiled in 204ms
 GET /catalog/diagram/219844 200 in 87ms (next.js: 13ms, application-code: 75ms)
Prisma Client Re-initialized cleanly
 GET /catalog/diagram/219844 200 in 103ms (next.js: 19ms, application-code: 83ms)
Prisma Client Re-initialized cleanly
 GET /catalog/vehicle/3940 200 in 303ms (next.js: 107ms, application-code: 196ms)
Prisma Client Re-initialized cleanly
 GET /catalog/brand/3/year/2021 200 in 83ms (next.js: 38ms, application-code: 46ms)
Prisma Client Re-initialized cleanly
 GET /catalog/brand/3 200 in 59ms (next.js: 35ms, application-code: 24ms)
Prisma Client Re-initialized cleanly
 GET /catalog 200 in 65ms (next.js: 32ms, application-code: 34ms)
✓ Compiled in 614ms
Prisma Client Re-initialized cleanly
 GET /catalog 200 in 801ms (next.js: 443ms, application-code: 358ms)
 GET /catalog 200 in 176ms (next.js: 37ms, application-code: 139ms)
 GET /catalog 200 in 110ms (next.js: 5ms, application-code: 105ms)
 GET /catalog 200 in 69ms (next.js: 3ms, application-code: 66ms)
 GET /catalog 200 in 50ms (next.js: 4ms, application-code: 46ms)
 GET /catalog 200 in 28ms (next.js: 4ms, application-code: 25ms)
 GET /catalog/brand/5 200 in 85ms (next.js: 51ms, application-code: 35ms)
 GET /catalog/brand/5/year/2010 200 in 40ms (next.js: 21ms, application-code: 19ms)
Prisma Client Re-initialized cleanly
Prisma Client Re-initialized cleanly
 GET /catalog/vehicle/4981 200 in 125ms (next.js: 39ms, application-code: 87ms)
Prisma Client Re-initialized cleanly
⨯ ReferenceError: getDiagramAndParts is not defined
    at DiagramView (app/catalog/diagram/[categoryId]/page.jsx:10:30)
   8 |   const resolvedParams = await params;
   9 |   const categoryId = parseInt(resolvedParams.categoryId, 10);
> 10 |   const { diagram, parts } = await getDiagramAndParts(categoryId);
     |                              ^
  11 |   const config = await getAdminConfig();
  12 |
  13 |   if (!diagram) { {
  digest: '3760975669'
}
 GET /catalog/diagram/293917 200 in 122ms (next.js: 81ms, application-code: 41ms)
[browser] Uncaught ReferenceError: getDiagramAndParts is not defined
    at DiagramView (app/catalog/diagram/[categoryId]/page.jsx:10:30)
   8 |   const resolvedParams = await params;
   9 |   const categoryId = parseInt(resolvedParams.categoryId, 10);
> 10 |   const { diagram, parts } = await getDiagramAndParts(categoryId);
     |                              ^
  11 |   const config = await getAdminConfig();
  12 |
  13 |   if (!diagram) {
Prisma Client Re-initialized cleanly
✓ Compiled in 239ms
Prisma Client Re-initialized cleanly
 GET /catalog/diagram/293917 200 in 685ms (next.js: 396ms, application-code: 289ms)
Prisma Client Re-initialized cleanly
 GET /catalog/vehicle/4981 200 in 133ms (next.js: 26ms, application-code: 107ms)
Prisma Client Re-initialized cleanly
 GET /catalog/brand/5/year/2010 200 in 45ms (next.js: 24ms, application-code: 21ms)
Prisma Client Re-initialized cleanly
 GET /catalog/brand/5 200 in 45ms (next.js: 24ms, application-code: 21ms)
Prisma Client Re-initialized cleanly
 GET /catalog 200 in 40ms (next.js: 19ms, application-code: 21ms)
 GET /catalog/brand/5 200 in 225ms (next.js: 73ms, application-code: 152ms)
Prisma Client Re-initialized cleanly
 GET /catalog 200 in 50ms (next.js: 15ms, application-code: 35ms)
 GET /catalog/brand/5 200 in 130ms (next.js: 48ms, application-code: 82ms)
Prisma Client Re-initialized cleanly
 GET /catalog/brand/5/year/2010 200 in 28ms (next.js: 6ms, application-code: 22ms)
Prisma Client Re-initialized cleanly
 GET /catalog/vehicle/4981 200 in 37ms (next.js: 6ms, application-code: 31ms)
Prisma Client Re-initialized cleanly
 GET /catalog/diagram/293917 200 in 70ms (next.js: 24ms, application-code: 46ms)
Prisma Client Re-initialized cleanly
✓ Compiled in 161ms
 GET /catalog/diagram/293917 200 in 104ms (next.js: 41ms, application-code: 63ms)
Prisma Client Re-initialized cleanly
Prisma Client Re-initialized cleanly
 GET /catalog/diagram/293917 200 in 1824ms (next.js: 1683ms, application-code: 142ms)
✓ Compiled in 4ms
 GET /catalog/diagram/293917 200 in 100ms (next.js: 15ms, application-code: 86ms)
 GET /catalog/diagram/293917 200 in 39ms (next.js: 1787µs, application-code: 37ms)
 GET /catalog/diagram/293917 200 in 39ms (next.js: 3ms, application-code: 36ms)
 GET /catalog/diagram/293917 200 in 60ms (next.js: 1597µs, application-code: 58ms)
 GET /catalog/diagram/293917 200 in 64ms (next.js: 2ms, application-code: 62ms)
 GET /catalog/diagram/293917 200 in 45ms (next.js: 2ms, application-code: 43ms)
 GET /catalog/diagram/293917 200 in 51ms (next.js: 1237µs, application-code: 50ms)
 GET /catalog/diagram/293917 200 in 65ms (next.js: 2ms, application-code: 63ms)
 GET /catalog/diagram/293917 200 in 45ms (next.js: 3ms, application-code: 42ms)
 GET /catalog/diagram/293917 200 in 74ms (next.js: 3ms, application-code: 71ms)
Prisma Client Re-initialized cleanly
 GET /catalog/diagram/293917 200 in 84ms (next.js: 1912µs, application-code: 82ms)
 GET /catalog/diagram/293917 200 in 68ms (next.js: 1873µs, application-code: 66ms)
 GET /catalog/diagram/293917 200 in 71ms (next.js: 1545µs, application-code: 69ms)
 GET /catalog/diagram/293917 200 in 56ms (next.js: 3ms, application-code: 53ms)
 GET /catalog/diagram/293917 200 in 56ms (next.js: 4ms, application-code: 52ms)
 GET /catalog/diagram/293917 200 in 55ms (next.js: 1359µs, application-code: 54ms)
 GET /catalog/diagram/293917 200 in 43ms (next.js: 1268µs, application-code: 42ms)
 GET /catalog/diagram/293917 200 in 40ms (next.js: 1844µs, application-code: 38ms)
 GET /catalog/diagram/293917 200 in 59ms (next.js: 2ms, application-code: 56ms)
 GET /catalog/diagram/293917 200 in 41ms (next.js: 3ms, application-code: 38ms)
 GET /catalog/diagram/293917 200 in 21ms (next.js: 1696µs, application-code: 19ms)
Prisma Client Re-initialized cleanly
 GET /catalog/vehicle/4981 200 in 92ms (next.js: 54ms, application-code: 38ms)
Prisma Client Re-initialized cleanly
 GET /catalog/brand/5/year/2010 200 in 75ms (next.js: 46ms, application-code: 29ms)
Prisma Client Re-initialized cleanly
 GET /catalog/vehicle/4982 200 in 111ms (next.js: 9ms, application-code: 102ms)
Prisma Client Re-initialized cleanly
 GET /catalog/diagram/293969 200 in 57ms (next.js: 18ms, application-code: 39ms)
Prisma Client Re-initialized cleanly
Prisma Client Re-initialized cleanly
✓ Compiled in 1093ms
 GET /catalog/diagram/293969 200 in 494ms (next.js: 360ms, application-code: 134ms)
 GET /catalog/diagram/293969 200 in 68ms (next.js: 2ms, application-code: 65ms)
Prisma Client Re-initialized cleanly
✓ Compiled in 169ms
 GET /catalog/diagram/293969 200 in 173ms (next.js: 33ms, application-code: 140ms)
Prisma Client Re-initialized cleanly
 GET /catalog/vehicle/4982 200 in 259ms (next.js: 102ms, application-code: 157ms)
Prisma Client Re-initialized cleanly
 GET /catalog/brand/5/year/2010 200 in 118ms (next.js: 67ms, application-code: 51ms)
Prisma Client Re-initialized cleanly
 GET /catalog/vehicle/4981 200 in 98ms (next.js: 13ms, application-code: 85ms)
Prisma Client Re-initialized cleanly
 GET /catalog/diagram/293937 200 in 86ms (next.js: 18ms, application-code: 68ms)
Prisma Client Re-initialized cleanly
 GET /catalog/vehicle/4981 200 in 110ms (next.js: 32ms, application-code: 77ms)
Prisma Client Re-initialized cleanly
 GET /catalog/diagram/293916 200 in 297ms (next.js: 34ms, application-code: 263ms)
Prisma Client Re-initialized cleanly
 GET /catalog/vehicle/4981 200 in 64ms (next.js: 18ms, application-code: 46ms)
Prisma Client Re-initialized cleanly
 GET /catalog/diagram/293908 200 in 44ms (next.js: 13ms, application-code: 32ms)
Prisma Client Re-initialized cleanly
 GET /catalog/vehicle/4981 200 in 55ms (next.js: 9ms, application-code: 46ms)
Prisma Client Re-initialized cleanly
✓ Compiled in 655ms
 GET /catalog/diagram/293902 200 in 59ms (next.js: 15ms, application-code: 44ms)
Prisma Client Re-initialized cleanly
 GET /catalog/vehicle/4981 200 in 57ms (next.js: 10ms, application-code: 47ms)
Prisma Client Re-initialized cleanly
 GET /catalog/diagram/293922 200 in 64ms (next.js: 20ms, application-code: 44ms)
Prisma Client Re-initialized cleanly
 GET /catalog/vehicle/4981 200 in 52ms (next.js: 13ms, application-code: 39ms)
Prisma Client Re-initialized cleanly
 GET /catalog/diagram/293900 200 in 53ms (next.js: 18ms, application-code: 34ms)
Prisma Client Re-initialized cleanly
 GET /catalog/vehicle/4981 200 in 65ms (next.js: 14ms, application-code: 52ms)
Prisma Client Re-initialized cleanly
 GET / 200 in 127ms (next.js: 101ms, application-code: 26ms)
 GET /catalog/brand/4 200 in 124ms (next.js: 78ms, application-code: 46ms)
Prisma Client Re-initialized cleanly
 GET / 200 in 50ms (next.js: 11ms, application-code: 39ms)
 GET /catalog/brand/3 200 in 48ms (next.js: 8ms, application-code: 40ms)
Prisma Client Re-initialized cleanly
 GET /catalog/brand/3/year/2023 200 in 57ms (next.js: 12ms, application-code: 44ms)
Prisma Client Re-initialized cleanly
 GET /catalog/vehicle/3431 200 in 75ms (next.js: 26ms, application-code: 49ms)
Prisma Client Re-initialized cleanly
 GET /catalog/diagram/188059 200 in 61ms (next.js: 21ms, application-code: 41ms)
Prisma Client Re-initialized cleanly
Prisma Client Re-initialized cleanly
 GET /catalog/diagram/188059 200 in 767ms (next.js: 92ms, application-code: 675ms)
✓ Compiled in 520ms
⨯ ReferenceError: vehicleMeta is not defined
    at eval (app/catalog/diagram/[categoryId]/page.jsx:66:32)
    at Array.map (<anonymous>)
    at DiagramView (app/catalog/diagram/[categoryId]/page.jsx:55:20)
  64 |                   finalPriceUSD={finalPriceUSD} 
  65 |                   finalPriceCRC={finalPriceCRC} 
> 66 |                   vehicleMeta={vehicleMeta}
     |                                ^
  67 |                 />
  68 |               );
  69 |             })} {
  digest: '472933447'
}
 GET /catalog/diagram/188059 200 in 456ms (next.js: 114ms, application-code: 342ms)
[browser] Uncaught ReferenceError: vehicleMeta is not defined
    at eval (app/catalog/diagram/[categoryId]/page.jsx:66:32)
    at Array.map (<anonymous>:1:18)
    at DiagramView (app/catalog/diagram/[categoryId]/page.jsx:55:20)
  64 |                   finalPriceUSD={finalPriceUSD} 
  65 |                   finalPriceCRC={finalPriceCRC} 
> 66 |                   vehicleMeta={vehicleMeta}
     |                                ^
  67 |                 />
  68 |               );
  69 |             })}
Prisma Client Re-initialized cleanly
✓ Compiled in 189ms
 GET /catalog/diagram/188059 200 in 242ms (next.js: 18ms, application-code: 224ms)
Prisma Client Re-initialized cleanly
✓ Compiled in 154ms
 GET /admin 200 in 168ms (next.js: 110ms, application-code: 58ms)
 POST /admin 200 in 53ms (next.js: 6ms, application-code: 47ms)
  └─ ƒ getAdminConfig() in 28ms app/actions/adminActions.js
 POST /admin 200 in 5ms (next.js: 964µs, application-code: 4ms)
  └─ ƒ getAdminConfig() in 1ms app/actions/adminActions.js
✓ Compiled in 983ms
 GET /catalog/diagram/188059 200 in 197ms (next.js: 56ms, application-code: 141ms)
Prisma Client Re-initialized cleanly
✓ Compiled in 653ms
⚠ Fast Refresh had to perform a full reload when ./context/CartContext.jsx changed. Read more: https://nextjs.org/docs/messages/fast-refresh-reload
 GET /catalog/diagram/188059 200 in 676ms (next.js: 36ms, application-code: 640ms)
Prisma Client Re-initialized cleanly
✓ Compiled in 211ms
 GET /checkout 200 in 575ms (next.js: 386ms, application-code: 189ms)
 POST /checkout 200 in 97ms (next.js: 5ms, application-code: 92ms)
  └─ ƒ getAdminConfig() in 69ms app/actions/adminActions.js
 POST /checkout 200 in 2.5s (next.js: 3ms, application-code: 2.5s)
  └─ ƒ verifyCartInventory([{"meta":"honda 2023 crf250f-ac-crf250f","name":"SEAL SET, PISTON","partNo":"06431-MA3-405","...":"4 items not stringified"}]) in 2504ms app/actions/checkoutActions.js
 POST /checkout 200 in 27ms (next.js: 4ms, application-code: 23ms)
  └─ ƒ getAdminConfig() in 3ms app/actions/adminActions.js
 POST /checkout 200 in 2.5s (next.js: 2ms, application-code: 2.5s)
  └─ ƒ verifyCartInventory([{"meta":"honda 2023 crf250f-ac-crf250f","name":"SEAL SET, PISTON","partNo":"06431-MA3-405","...":"4 items not stringified"}]) in 2504ms app/actions/checkoutActions.js
 GET / 200 in 264ms (next.js: 98ms, application-code: 166ms)
 GET /catalog/brand/4 200 in 127ms (next.js: 86ms, application-code: 42ms)
Prisma Client Re-initialized cleanly
 GET /catalog/brand/4/year/2024 200 in 78ms (next.js: 50ms, application-code: 28ms)
Prisma Client Re-initialized cleanly
 GET /catalog/vehicle/4447 200 in 77ms (next.js: 43ms, application-code: 33ms)
Prisma Client Re-initialized cleanly
 GET /catalog/diagram/253946 200 in 59ms (next.js: 35ms, application-code: 24ms)
Prisma Client Re-initialized cleanly
 GET /checkout 200 in 45ms (next.js: 13ms, application-code: 33ms)
 POST /checkout 200 in 26ms (next.js: 17ms, application-code: 9ms)
  └─ ƒ getAdminConfig() in 3ms app/actions/adminActions.js
 POST /checkout 200 in 2.5s (next.js: 3ms, application-code: 2.5s)
  └─ ƒ verifyCartInventory([{"meta":"honda 2023 crf250f-ac-crf250f","name":"SEAL SET, PISTON","partNo":"06431-MA3-405","...":"4 items not stringified"},{"meta":"suzuki 2024 dr-z125l","name":"GUIDE, CAM CHAIN","partNo":"12771-05200","...":"4 items not stringified"}]) in 2505ms app/actions/checkoutActions.js
 POST /checkout 200 in 18ms (next.js: 9ms, application-code: 9ms)
  └─ ƒ getAdminConfig() in 2ms app/actions/adminActions.js
 POST /checkout 200 in 2.5s (next.js: 8ms, application-code: 2.5s)
  └─ ƒ verifyCartInventory([{"meta":"honda 2023 crf250f-ac-crf250f","name":"SEAL SET, PISTON","partNo":"06431-MA3-405","...":"4 items not stringified"},{"meta":"suzuki 2024 dr-z125l","name":"GUIDE, CAM CHAIN","partNo":"12771-05200","...":"4 items not stringified"}]) in 2502ms app/actions/checkoutActions.js
 GET / 200 in 67ms (next.js: 21ms, application-code: 46ms)
 GET / 200 in 48ms (next.js: 11ms, application-code: 37ms)
✓ Compiled in 1014ms
 GET / 200 in 175ms (next.js: 32ms, application-code: 143ms)
 GET / 200 in 192ms (next.js: 2ms, application-code: 189ms)
 GET / 200 in 164ms (next.js: 1254µs, application-code: 163ms)
 GET / 200 in 146ms (next.js: 3ms, application-code: 144ms)
 GET / 200 in 121ms (next.js: 2ms, application-code: 119ms)
✓ Compiled in 554ms
 GET / 200 in 917ms (next.js: 514ms, application-code: 403ms)
Prisma Client Re-initialized cleanly
 GET / 200 in 554ms (next.js: 514ms, application-code: 40ms)
 GET / 200 in 445ms (next.js: 310ms, application-code: 135ms)
 GET / 200 in 106ms (next.js: 54ms, application-code: 52ms)
 GET / 200 in 470ms (next.js: 140ms, application-code: 330ms)
Prisma Client Re-initialized cleanly
 GET / 200 in 646ms (next.js: 378ms, application-code: 268ms)
 GET / 200 in 384ms (next.js: 347ms, application-code: 37ms)
 GET / 200 in 124ms (next.js: 14ms, application-code: 110ms)
 GET / 200 in 222ms (next.js: 155ms, application-code: 67ms)
 GET / 200 in 42ms (next.js: 3ms, application-code: 38ms)
 GET / 200 in 98ms (next.js: 11ms, application-code: 86ms)
Prisma Client Re-initialized cleanly
Prisma Client Re-initialized cleanly
[browser] Can't perform a React state update on a component that hasn't mounted yet. This indicates that you have a side-effect in your render function that asynchronously tries to update the component. Move this work to useEffect instead. 
✓ Compiled in 6.7s
Prisma Client Re-initialized cleanly
 GET / 200 in 500ms (next.js: 162ms, application-code: 337ms)
 GET / 200 in 285ms (next.js: 48ms, application-code: 237ms)
 GET / 200 in 157ms (next.js: 64ms, application-code: 93ms)
 GET / 200 in 147ms (next.js: 9ms, application-code: 138ms)
 GET / 200 in 138ms (next.js: 1775µs, application-code: 136ms)
 GET / 200 in 176ms (next.js: 1311µs, application-code: 175ms)
 GET / 200 in 165ms (next.js: 3ms, application-code: 162ms)
 GET / 200 in 170ms (next.js: 3ms, application-code: 167ms)
 GET / 200 in 135ms (next.js: 1980µs, application-code: 133ms)
 GET / 200 in 136ms (next.js: 2ms, application-code: 134ms)
 GET / 200 in 129ms (next.js: 10ms, application-code: 118ms)
 GET / 200 in 109ms (next.js: 4ms, application-code: 105ms)
 GET / 200 in 110ms (next.js: 1357µs, application-code: 109ms)
 GET / 200 in 121ms (next.js: 1719µs, application-code: 120ms)
 GET / 200 in 115ms (next.js: 1329µs, application-code: 114ms)
 GET / 200 in 122ms (next.js: 1756µs, application-code: 120ms)
 GET / 200 in 125ms (next.js: 1202µs, application-code: 124ms)
 GET / 200 in 119ms (next.js: 4ms, application-code: 115ms)
 GET / 200 in 106ms (next.js: 1158µs, application-code: 104ms)
 GET / 200 in 98ms (next.js: 2ms, application-code: 96ms)
 GET / 200 in 110ms (next.js: 1077µs, application-code: 109ms)
 GET / 200 in 92ms (next.js: 3ms, application-code: 89ms)
 GET / 200 in 78ms (next.js: 1089µs, application-code: 77ms)
 GET / 200 in 56ms (next.js: 3ms, application-code: 53ms)
 GET / 200 in 38ms (next.js: 1984µs, application-code: 36ms)
 GET / 200 in 1385ms (next.js: 200ms, application-code: 1185ms)
 POST / 200 in 165ms (next.js: 29ms, application-code: 136ms)
  └─ ƒ searchVehicles("CRF") in 34ms app/actions/catalogActions.js
 POST / 200 in 92ms (next.js: 13ms, application-code: 79ms)
  └─ ƒ searchVehicles("CRF250") in 46ms app/actions/catalogActions.js
 POST / 200 in 36ms (next.js: 10ms, application-code: 26ms)
  └─ ƒ searchVehicles("CRF250F") in 10ms app/actions/catalogActions.js
 GET /catalog/vehicle/3330 200 in 376ms (next.js: 304ms, application-code: 72ms)
Prisma Client Re-initialized cleanly
 GET /catalog/diagram/182042 200 in 228ms (next.js: 171ms, application-code: 57ms)
Prisma Client Re-initialized cleanly
 GET /catalog/vehicle/3330 200 in 134ms (next.js: 54ms, application-code: 79ms)
Prisma Client Re-initialized cleanly
 GET / 200 in 46ms (next.js: 13ms, application-code: 33ms)
 GET / 200 in 295ms (next.js: 32ms, application-code: 263ms)
 GET /catalog/brand/3 200 in 212ms (next.js: 141ms, application-code: 71ms)
Prisma Client Re-initialized cleanly
✓ Compiled in 527ms
 GET /catalog 404 in 193ms (next.js: 120ms, application-code: 73ms)
[browser] Image with src "/logo.png" was detected as the Largest Contentful Paint (LCP). Please add the `loading="eager"` property if this image is above the fold.
Read more: https://nextjs.org/docs/app/api-reference/components/image#loading
 GET / 200 in 50ms (next.js: 18ms, application-code: 32ms)
 GET / 200 in 39ms (next.js: 14ms, application-code: 25ms)
 GET / 200 in 25ms (next.js: 3ms, application-code: 22ms)
 GET /admin 200 in 98ms (next.js: 55ms, application-code: 43ms)
 POST /admin 200 in 26ms (next.js: 10ms, application-code: 16ms)
  └─ ƒ getAdminConfig() in 4ms app/actions/adminActions.js
 POST /admin 200 in 38ms (next.js: 4ms, application-code: 35ms)
  └─ ƒ getAdminConfig() in 28ms app/actions/adminActions.js
 GET / 200 in 57ms (next.js: 14ms, application-code: 43ms)
✓ Compiled in 1368ms
 GET / 200 in 375ms (next.js: 88ms, application-code: 287ms)
 GET / 200 in 58ms (next.js: 19ms, application-code: 39ms)
 GET / 200 in 495ms (next.js: 247ms, application-code: 248ms)
✓ Compiled in 210ms
 GET / 200 in 361ms (next.js: 65ms, application-code: 296ms)
 GET / 200 in 103ms (next.js: 3ms, application-code: 100ms)
 GET / 200 in 194ms (next.js: 3ms, application-code: 191ms)
 GET / 200 in 145ms (next.js: 1630µs, application-code: 143ms)
 GET / 200 in 619ms (next.js: 3ms, application-code: 616ms)
 GET / 200 in 642ms (next.js: 1185µs, application-code: 641ms)
 GET / 200 in 615ms (next.js: 1813µs, application-code: 613ms)
 GET / 200 in 428ms (next.js: 26ms, application-code: 402ms)
 GET / 200 in 53ms (next.js: 1759µs, application-code: 51ms)
 GET / 200 in 53ms (next.js: 14ms, application-code: 38ms)
 GET / 200 in 57ms (next.js: 34ms, application-code: 23ms)
 GET / 200 in 44ms (next.js: 1552µs, application-code: 43ms)
  Reload env: .env
Prisma Client Re-initialized cleanly
✓ Compiled in 2.5s
 GET / 200 in 1763ms (next.js: 1677ms, application-code: 87ms)
  Reload env: .env
Prisma Client Re-initialized cleanly
 GET / 200 in 914ms (next.js: 768ms, application-code: 146ms)
 GET / 200 in 1593ms (next.js: 176ms, application-code: 1417ms)
 GET /catalog/brand/1 200 in 281ms (next.js: 166ms, application-code: 115ms)
Prisma Client Re-initialized cleanly
 GET /catalog/brand/1/year/2026 200 in 196ms (next.js: 143ms, application-code: 53ms)
Prisma Client Re-initialized cleanly
 GET /catalog/vehicle/921 200 in 181ms (next.js: 89ms, application-code: 93ms)
Prisma Client Re-initialized cleanly
 GET /catalog/diagram/60504 200 in 320ms (next.js: 175ms, application-code: 145ms)
Prisma Client Re-initialized cleanly
 GET /catalog/vehicle/921 200 in 122ms (next.js: 35ms, application-code: 87ms)
Prisma Client Re-initialized cleanly
 GET /catalog/diagram/60524 200 in 48ms (next.js: 18ms, application-code: 31ms)
Prisma Client Re-initialized cleanly
 GET /catalog/vehicle/921 200 in 48ms (next.js: 12ms, application-code: 36ms)
Prisma Client Re-initialized cleanly
 GET /catalog/diagram/60519 200 in 32ms (next.js: 6ms, application-code: 26ms)
Prisma Client Re-initialized cleanly
 GET /catalog/vehicle/921 200 in 70ms (next.js: 13ms, application-code: 56ms)
Prisma Client Re-initialized cleanly
 GET /catalog/diagram/60479 200 in 54ms (next.js: 11ms, application-code: 42ms)
Prisma Client Re-initialized cleanly
 GET /catalog/vehicle/921 200 in 167ms (next.js: 55ms, application-code: 112ms)
Prisma Client Re-initialized cleanly
 GET /catalog/brand/1/year/2026 200 in 36ms (next.js: 12ms, application-code: 24ms)
Prisma Client Re-initialized cleanly
 GET /catalog/brand/1 200 in 46ms (next.js: 26ms, application-code: 20ms)
Prisma Client Re-initialized cleanly
 GET / 200 in 39ms (next.js: 12ms, application-code: 27ms)
 GET /catalog/brand/4 200 in 49ms (next.js: 13ms, application-code: 36ms)
Prisma Client Re-initialized cleanly
 GET /catalog/brand/4/year/2011 200 in 54ms (next.js: 36ms, application-code: 18ms)
Prisma Client Re-initialized cleanly
 GET /catalog/vehicle/4810 200 in 58ms (next.js: 15ms, application-code: 43ms)
Prisma Client Re-initialized cleanly
 GET /catalog/diagram/284531 200 in 46ms (next.js: 13ms, application-code: 33ms)
Prisma Client Re-initialized cleanly
 GET /catalog/vehicle/4810 200 in 56ms (next.js: 11ms, application-code: 45ms)
Prisma Client Re-initialized cleanly
 GET /catalog/brand/4/year/2011 200 in 41ms (next.js: 13ms, application-code: 29ms)
Prisma Client Re-initialized cleanly
 GET /catalog/brand/4 200 in 21ms (next.js: 6ms, application-code: 15ms)
Prisma Client Re-initialized cleanly
 GET /catalog/brand/4/year/2013 200 in 47ms (next.js: 13ms, application-code: 34ms)
Prisma Client Re-initialized cleanly
 GET /catalog/vehicle/4331 200 in 40ms (next.js: 10ms, application-code: 30ms)
Prisma Client Re-initialized cleanly
 GET /catalog/diagram/244654 200 in 35ms (next.js: 9ms, application-code: 26ms)
Prisma Client Re-initialized cleanly
 GET / 200 in 67ms (next.js: 28ms, application-code: 39ms)
 GET /catalog/brand/1 200 in 121ms (next.js: 37ms, application-code: 84ms)
Prisma Client Re-initialized cleanly
 GET /catalog/brand/1/year/2016 200 in 75ms (next.js: 22ms, application-code: 53ms)
Prisma Client Re-initialized cleanly
 GET /catalog/vehicle/1293 200 in 70ms (next.js: 20ms, application-code: 50ms)
Prisma Client Re-initialized cleanly
 GET /catalog/diagram/84706 200 in 67ms (next.js: 14ms, application-code: 52ms)
Prisma Client Re-initialized cleanly
 GET /catalog/vehicle/1293 200 in 71ms (next.js: 17ms, application-code: 54ms)
Prisma Client Re-initialized cleanly
 GET /catalog/diagram/84698 200 in 68ms (next.js: 24ms, application-code: 44ms)
Prisma Client Re-initialized cleanly
 GET /catalog/vehicle/1293 200 in 78ms (next.js: 19ms, application-code: 59ms)
Prisma Client Re-initialized cleanly
 GET / 200 in 80ms (next.js: 12ms, application-code: 69ms)
 GET / 200 in 667ms (next.js: 139ms, application-code: 528ms)
 GET / 200 in 381ms (next.js: 78ms, application-code: 302ms)
 GET /catalog/brand/4 200 in 193ms (next.js: 61ms, application-code: 131ms)
Prisma Client Re-initialized cleanly
 GET /catalog/brand/4/year/2022 200 in 88ms (next.js: 28ms, application-code: 59ms)
Prisma Client Re-initialized cleanly
 GET /catalog/vehicle/4393 200 in 104ms (next.js: 25ms, application-code: 78ms)
Prisma Client Re-initialized cleanly
 GET /catalog/diagram/249721 200 in 78ms (next.js: 17ms, application-code: 61ms)
Prisma Client Re-initialized cleanly
 GET / 200 in 125ms (next.js: 23ms, application-code: 102ms)
 GET /catalog/brand/1 200 in 132ms (next.js: 57ms, application-code: 75ms)
Prisma Client Re-initialized cleanly
 GET /catalog/brand/1/year/2017 200 in 46ms (next.js: 12ms, application-code: 34ms)
Prisma Client Re-initialized cleanly
Prisma Client Re-initialized cleanly
 GET /catalog/vehicle/858 200 in 480ms (next.js: 12ms, application-code: 468ms)
 GET /catalog/diagram/56717 200 in 80ms (next.js: 21ms, application-code: 59ms)
Prisma Client Re-initialized cleanly
 GET / 200 in 178ms (next.js: 51ms, application-code: 127ms)
 GET / 200 in 91ms (next.js: 20ms, application-code: 71ms)
 GET /catalog/brand/1 200 in 86ms (next.js: 25ms, application-code: 61ms)
Prisma Client Re-initialized cleanly
 GET /catalog/brand/1/year/2022 200 in 58ms (next.js: 11ms, application-code: 47ms)
Prisma Client Re-initialized cleanly
 GET /catalog/vehicle/132 200 in 71ms (next.js: 10ms, application-code: 61ms)
Prisma Client Re-initialized cleanly
 GET /catalog/diagram/8569 200 in 50ms (next.js: 9ms, application-code: 41ms)
Prisma Client Re-initialized cleanly
[?25h
